array (
  'USER' => 'root',
  'HOME' => '/root',
  'FCGI_ROLE' => 'RESPONDER',
  'SCRIPT_FILENAME' => '/workspace/ios-repos/ios-on-the-way/network/server/index.php',
  'QUERY_STRING' => 'a=b',
  'REQUEST_METHOD' => 'GET',
  'CONTENT_TYPE' => '',
  'CONTENT_LENGTH' => '',
  'SCRIPT_NAME' => '/index.php',
  'REQUEST_URI' => '/?a=b',
  'DOCUMENT_URI' => '/index.php',
  'DOCUMENT_ROOT' => '/workspace/ios-repos/ios-on-the-way/network/server',
  'SERVER_PROTOCOL' => 'HTTP/1.1',
  'GATEWAY_INTERFACE' => 'CGI/1.1',
  'SERVER_SOFTWARE' => 'nginx/1.8.1',
  'REMOTE_ADDR' => '10.0.2.2',
  'REMOTE_PORT' => '64855',
  'SERVER_ADDR' => '10.0.2.15',
  'SERVER_PORT' => '9068',
  'SERVER_NAME' => 'localhost',
  'REDIRECT_STATUS' => '200',
  'HTTP_HOST' => '127.0.0.1:9068',
  'HTTP_ACCEPT' => '*/*',
  'HTTP_ACCEPT_LANGUAGE' => 'en-US;q=1',
  'HTTP_CONNECTION' => 'keep-alive',
  'HTTP_ACCEPT_ENCODING' => 'gzip, deflate',
  'HTTP_USER_AGENT' => 'afnetworking/1.0 (iPhone; iOS 9.2; Scale/3.00)',
  'PHP_SELF' => '/index.php',
  'REQUEST_TIME_FLOAT' => 1468168323.3878031,
  'REQUEST_TIME' => 1468168323,
)array (
  'a' => 'b',
)array (
)array (
)

array (
  'USER' => 'root',
  'HOME' => '/root',
  'FCGI_ROLE' => 'RESPONDER',
  'SCRIPT_FILENAME' => '/workspace/ios-repos/ios-on-the-way/network/server/index.php',
  'QUERY_STRING' => 'a=b',
  'REQUEST_METHOD' => 'GET',
  'CONTENT_TYPE' => '',
  'CONTENT_LENGTH' => '',
  'SCRIPT_NAME' => '/index.php',
  'REQUEST_URI' => '/?a=b',
  'DOCUMENT_URI' => '/index.php',
  'DOCUMENT_ROOT' => '/workspace/ios-repos/ios-on-the-way/network/server',
  'SERVER_PROTOCOL' => 'HTTP/1.1',
  'GATEWAY_INTERFACE' => 'CGI/1.1',
  'SERVER_SOFTWARE' => 'nginx/1.8.1',
  'REMOTE_ADDR' => '10.0.2.2',
  'REMOTE_PORT' => '64895',
  'SERVER_ADDR' => '10.0.2.15',
  'SERVER_PORT' => '9068',
  'SERVER_NAME' => 'localhost',
  'REDIRECT_STATUS' => '200',
  'HTTP_HOST' => '127.0.0.1:9068',
  'HTTP_ACCEPT' => '*/*',
  'HTTP_ACCEPT_LANGUAGE' => 'en-US;q=1',
  'HTTP_CONNECTION' => 'keep-alive',
  'HTTP_ACCEPT_ENCODING' => 'gzip, deflate',
  'HTTP_USER_AGENT' => 'afnetworking/1.0 (iPhone; iOS 9.2; Scale/3.00)',
  'PHP_SELF' => '/index.php',
  'REQUEST_TIME_FLOAT' => 1468168478.2495019,
  'REQUEST_TIME' => 1468168478,
)array (
  'a' => 'b',
)array (
)array (
)

array (
  'USER' => 'root',
  'HOME' => '/root',
  'FCGI_ROLE' => 'RESPONDER',
  'SCRIPT_FILENAME' => '/workspace/ios-repos/ios-on-the-way/network/server/index.php',
  'QUERY_STRING' => 'a=b',
  'REQUEST_METHOD' => 'GET',
  'CONTENT_TYPE' => '',
  'CONTENT_LENGTH' => '',
  'SCRIPT_NAME' => '/index.php',
  'REQUEST_URI' => '/?a=b',
  'DOCUMENT_URI' => '/index.php',
  'DOCUMENT_ROOT' => '/workspace/ios-repos/ios-on-the-way/network/server',
  'SERVER_PROTOCOL' => 'HTTP/1.1',
  'GATEWAY_INTERFACE' => 'CGI/1.1',
  'SERVER_SOFTWARE' => 'nginx/1.8.1',
  'REMOTE_ADDR' => '10.0.2.2',
  'REMOTE_PORT' => '64913',
  'SERVER_ADDR' => '10.0.2.15',
  'SERVER_PORT' => '9068',
  'SERVER_NAME' => 'localhost',
  'REDIRECT_STATUS' => '200',
  'HTTP_HOST' => '127.0.0.1:9068',
  'HTTP_ACCEPT' => '*/*',
  'HTTP_ACCEPT_LANGUAGE' => 'en-US;q=1',
  'HTTP_CONNECTION' => 'keep-alive',
  'HTTP_ACCEPT_ENCODING' => 'gzip, deflate',
  'HTTP_USER_AGENT' => 'afnetworking/1.0 (iPhone; iOS 9.2; Scale/3.00)',
  'PHP_SELF' => '/index.php',
  'REQUEST_TIME_FLOAT' => 1468168541.1523931,
  'REQUEST_TIME' => 1468168541,
)array (
  'a' => 'b',
)array (
)array (
)

array (
  'USER' => 'root',
  'HOME' => '/root',
  'FCGI_ROLE' => 'RESPONDER',
  'SCRIPT_FILENAME' => '/workspace/ios-repos/ios-on-the-way/network/server/index.php',
  'QUERY_STRING' => 'a=b&APPversion=3.2.3&clientType=2&name=testname&serverIp=127.0.0.1',
  'REQUEST_METHOD' => 'GET',
  'CONTENT_TYPE' => '',
  'CONTENT_LENGTH' => '',
  'SCRIPT_NAME' => '/index.php',
  'REQUEST_URI' => '/?a=b&APPversion=3.2.3&clientType=2&name=testname&serverIp=127.0.0.1',
  'DOCUMENT_URI' => '/index.php',
  'DOCUMENT_ROOT' => '/workspace/ios-repos/ios-on-the-way/network/server',
  'SERVER_PROTOCOL' => 'HTTP/1.1',
  'GATEWAY_INTERFACE' => 'CGI/1.1',
  'SERVER_SOFTWARE' => 'nginx/1.8.1',
  'REMOTE_ADDR' => '10.0.2.2',
  'REMOTE_PORT' => '64992',
  'SERVER_ADDR' => '10.0.2.15',
  'SERVER_PORT' => '9068',
  'SERVER_NAME' => 'localhost',
  'REDIRECT_STATUS' => '200',
  'HTTP_HOST' => '127.0.0.1:9068',
  'HTTP_ACCEPT' => '*/*',
  'HTTP_ACCEPT_LANGUAGE' => 'en-US;q=1',
  'HTTP_CONNECTION' => 'keep-alive',
  'HTTP_ACCEPT_ENCODING' => 'gzip, deflate',
  'HTTP_USER_AGENT' => 'afnetworking/1.0 (iPhone; iOS 9.2; Scale/3.00)',
  'PHP_SELF' => '/index.php',
  'REQUEST_TIME_FLOAT' => 1468168718.6897659,
  'REQUEST_TIME' => 1468168718,
)array (
  'a' => 'b',
  'APPversion' => '3.2.3',
  'clientType' => '2',
  'name' => 'testname',
  'serverIp' => '127.0.0.1',
)array (
)array (
)

array (
  'USER' => 'root',
  'HOME' => '/root',
  'FCGI_ROLE' => 'RESPONDER',
  'SCRIPT_FILENAME' => '/workspace/ios-repos/ios-on-the-way/network/server/index.php',
  'QUERY_STRING' => 'a=b&APPversion=3.2.3&clientType=2&name=testname&serverIp=127.0.0.1',
  'REQUEST_METHOD' => 'GET',
  'CONTENT_TYPE' => '',
  'CONTENT_LENGTH' => '',
  'SCRIPT_NAME' => '/index.php',
  'REQUEST_URI' => '/?a=b&APPversion=3.2.3&clientType=2&name=testname&serverIp=127.0.0.1',
  'DOCUMENT_URI' => '/index.php',
  'DOCUMENT_ROOT' => '/workspace/ios-repos/ios-on-the-way/network/server',
  'SERVER_PROTOCOL' => 'HTTP/1.1',
  'GATEWAY_INTERFACE' => 'CGI/1.1',
  'SERVER_SOFTWARE' => 'nginx/1.8.1',
  'REMOTE_ADDR' => '10.0.2.2',
  'REMOTE_PORT' => '65021',
  'SERVER_ADDR' => '10.0.2.15',
  'SERVER_PORT' => '9068',
  'SERVER_NAME' => 'localhost',
  'REDIRECT_STATUS' => '200',
  'HTTP_HOST' => '127.0.0.1:9068',
  'HTTP_ACCEPT' => '*/*',
  'HTTP_ACCEPT_LANGUAGE' => 'en-US;q=1',
  'HTTP_CONNECTION' => 'keep-alive',
  'HTTP_ACCEPT_ENCODING' => 'gzip, deflate',
  'HTTP_USER_AGENT' => 'afnetworking/1.0 (iPhone; iOS 9.2; Scale/3.00)',
  'PHP_SELF' => '/index.php',
  'REQUEST_TIME_FLOAT' => 1468168820.895539,
  'REQUEST_TIME' => 1468168820,
)array (
  'a' => 'b',
  'APPversion' => '3.2.3',
  'clientType' => '2',
  'name' => 'testname',
  'serverIp' => '127.0.0.1',
)array (
)array (
)

array (
  'USER' => 'root',
  'HOME' => '/root',
  'FCGI_ROLE' => 'RESPONDER',
  'SCRIPT_FILENAME' => '/workspace/ios-repos/ios-on-the-way/network/server/index.php',
  'QUERY_STRING' => 'a=b&APPversion=3.2.3&clientType=2&name=testname&serverIp=127.0.0.1',
  'REQUEST_METHOD' => 'GET',
  'CONTENT_TYPE' => '',
  'CONTENT_LENGTH' => '',
  'SCRIPT_NAME' => '/index.php',
  'REQUEST_URI' => '/?a=b&APPversion=3.2.3&clientType=2&name=testname&serverIp=127.0.0.1',
  'DOCUMENT_URI' => '/index.php',
  'DOCUMENT_ROOT' => '/workspace/ios-repos/ios-on-the-way/network/server',
  'SERVER_PROTOCOL' => 'HTTP/1.1',
  'GATEWAY_INTERFACE' => 'CGI/1.1',
  'SERVER_SOFTWARE' => 'nginx/1.8.1',
  'REMOTE_ADDR' => '10.0.2.2',
  'REMOTE_PORT' => '65053',
  'SERVER_ADDR' => '10.0.2.15',
  'SERVER_PORT' => '9068',
  'SERVER_NAME' => 'localhost',
  'REDIRECT_STATUS' => '200',
  'HTTP_HOST' => '127.0.0.1:9068',
  'HTTP_ACCEPT' => '*/*',
  'HTTP_ACCEPT_LANGUAGE' => 'en-US;q=1',
  'HTTP_CONNECTION' => 'keep-alive',
  'HTTP_ACCEPT_ENCODING' => 'gzip, deflate',
  'HTTP_USER_AGENT' => 'afnetworking/1.0 (iPhone; iOS 9.2; Scale/3.00)',
  'PHP_SELF' => '/index.php',
  'REQUEST_TIME_FLOAT' => 1468168928.9002459,
  'REQUEST_TIME' => 1468168928,
)array (
  'a' => 'b',
  'APPversion' => '3.2.3',
  'clientType' => '2',
  'name' => 'testname',
  'serverIp' => '127.0.0.1',
)array (
)array (
)

array (
  'USER' => 'root',
  'HOME' => '/root',
  'FCGI_ROLE' => 'RESPONDER',
  'SCRIPT_FILENAME' => '/workspace/ios-repos/ios-on-the-way/network/server/index.php',
  'QUERY_STRING' => 'a=b&APPversion=3.2.3&clientType=2&name=testname&serverIp=127.0.0.1',
  'REQUEST_METHOD' => 'GET',
  'CONTENT_TYPE' => '',
  'CONTENT_LENGTH' => '',
  'SCRIPT_NAME' => '/index.php',
  'REQUEST_URI' => '/?a=b&APPversion=3.2.3&clientType=2&name=testname&serverIp=127.0.0.1',
  'DOCUMENT_URI' => '/index.php',
  'DOCUMENT_ROOT' => '/workspace/ios-repos/ios-on-the-way/network/server',
  'SERVER_PROTOCOL' => 'HTTP/1.1',
  'GATEWAY_INTERFACE' => 'CGI/1.1',
  'SERVER_SOFTWARE' => 'nginx/1.8.1',
  'REMOTE_ADDR' => '10.0.2.2',
  'REMOTE_PORT' => '65054',
  'SERVER_ADDR' => '10.0.2.15',
  'SERVER_PORT' => '9068',
  'SERVER_NAME' => 'localhost',
  'REDIRECT_STATUS' => '200',
  'HTTP_HOST' => '127.0.0.1:9068',
  'HTTP_ACCEPT' => '*/*',
  'HTTP_ACCEPT_LANGUAGE' => 'en-US;q=1',
  'HTTP_CONNECTION' => 'keep-alive',
  'HTTP_ACCEPT_ENCODING' => 'gzip, deflate',
  'HTTP_USER_AGENT' => 'afnetworking/1.0 (iPhone; iOS 9.2; Scale/3.00)',
  'PHP_SELF' => '/index.php',
  'REQUEST_TIME_FLOAT' => 1468168928.9002061,
  'REQUEST_TIME' => 1468168928,
)array (
  'a' => 'b',
  'APPversion' => '3.2.3',
  'clientType' => '2',
  'name' => 'testname',
  'serverIp' => '127.0.0.1',
)array (
)array (
)

